==2120642== Memcheck, a memory error detector
==2120642== Copyright (C) 2002-2017, and GNU GPL'd, by Julian Seward et al.
==2120642== Using Valgrind-3.18.1 and LibVEX; rerun with -h for copyright info
==2120642== Command: ./minishell
==2120642== Parent PID: 2120641
==2120642== 
==2120642== 
==2120642== HEAP SUMMARY:
==2120642==     in use at exit: 204,195 bytes in 221 blocks
==2120642==   total heap usage: 506 allocs, 285 frees, 228,263 bytes allocated
==2120642== 
==2120642== LEAK SUMMARY:
==2120642==    definitely lost: 0 bytes in 0 blocks
==2120642==    indirectly lost: 0 bytes in 0 blocks
==2120642==      possibly lost: 0 bytes in 0 blocks
==2120642==    still reachable: 0 bytes in 0 blocks
==2120642==         suppressed: 204,195 bytes in 221 blocks
==2120642== 
==2120642== For lists of detected and suppressed errors, rerun with: -s
==2120642== ERROR SUMMARY: 0 errors from 0 contexts (suppressed: 0 from 0)
