==288711== Memcheck, a memory error detector
==288711== Copyright (C) 2002-2017, and GNU GPL'd, by Julian Seward et al.
==288711== Using Valgrind-3.18.1 and LibVEX; rerun with -h for copyright info
==288711== Command: ./minishell
==288711== Parent PID: 286861
==288711== 
==288711== 
==288711== HEAP SUMMARY:
==288711==     in use at exit: 210,829 bytes in 283 blocks
==288711==   total heap usage: 492 allocs, 209 frees, 231,104 bytes allocated
==288711== 
==288711== 5 bytes in 1 blocks are still reachable in loss record 1 of 72
==288711==    at 0x4848899: malloc (in /usr/libexec/valgrind/vgpreload_memcheck-amd64-linux.so)
==288711==    by 0x48ADBAC: xmalloc (in /usr/lib/x86_64-linux-gnu/libreadline.so.8.1)
==288711==    by 0x488B694: readline_internal_teardown (in /usr/lib/x86_64-linux-gnu/libreadline.so.8.1)
==288711==    by 0x4895D2A: readline (in /usr/lib/x86_64-linux-gnu/libreadline.so.8.1)
==288711==    by 0x10962C: first_control (main.c:36)
==288711==    by 0x1096F2: main (main.c:66)
==288711== 
==288711== 5 bytes in 1 blocks are still reachable in loss record 2 of 72
==288711==    at 0x4848899: malloc (in /usr/libexec/valgrind/vgpreload_memcheck-amd64-linux.so)
==288711==    by 0x48ADBAC: xmalloc (in /usr/lib/x86_64-linux-gnu/libreadline.so.8.1)
==288711==    by 0x48A4B39: alloc_history_entry (in /usr/lib/x86_64-linux-gnu/libreadline.so.8.1)
==288711==    by 0x48A6F65: add_history (in /usr/lib/x86_64-linux-gnu/libreadline.so.8.1)
==288711==    by 0x109714: main (main.c:71)
==288711== 
==288711== 5 bytes in 1 blocks are still reachable in loss record 3 of 72
==288711==    at 0x4848899: malloc (in /usr/libexec/valgrind/vgpreload_memcheck-amd64-linux.so)
==288711==    by 0x497058E: strdup (strdup.c:42)
==288711==    by 0x109E42: copy_argument (fill_cmd_utils.c:76)
==288711==    by 0x10997C: process_word (fill_cmd.c:26)
==288711==    by 0x109A97: fill_cmd_from_tokens (fill_cmd.c:56)
==288711==    by 0x109809: handle_new_cmd (cmd_builder_utils.c:35)
==288711==    by 0x10989A: process_command (cmd_builder_utils.c:56)
==288711==    by 0x109C3E: build_cmd_list_from_tokens (cmd_builder.c:56)
==288711==    by 0x10AF75: parse_line (parse_line.c:51)
==288711==    by 0x10972D: main (main.c:72)
==288711== 
==288711== 8 bytes in 1 blocks are still reachable in loss record 4 of 72
==288711==    at 0x4848899: malloc (in /usr/libexec/valgrind/vgpreload_memcheck-amd64-linux.so)
==288711==    by 0x48AE4A7: xrealloc (in /usr/lib/x86_64-linux-gnu/libreadline.so.8.1)
==288711==    by 0x489A626: ??? (in /usr/lib/x86_64-linux-gnu/libreadline.so.8.1)
==288711==    by 0x489AE0D: rl_expand_prompt (in /usr/lib/x86_64-linux-gnu/libreadline.so.8.1)
==288711==    by 0x488A1BF: rl_set_prompt (in /usr/lib/x86_64-linux-gnu/libreadline.so.8.1)
==288711==    by 0x4895CCF: readline (in /usr/lib/x86_64-linux-gnu/libreadline.so.8.1)
==288711==    by 0x10962C: first_control (main.c:36)
==288711==    by 0x1096F2: main (main.c:66)
==288711== 
==288711== 8 bytes in 1 blocks are still reachable in loss record 5 of 72
==288711==    at 0x4848899: malloc (in /usr/libexec/valgrind/vgpreload_memcheck-amd64-linux.so)
==288711==    by 0x497058E: strdup (strdup.c:42)
==288711==    by 0x4B0ED17: _nc_trim_sgr0 (in /usr/lib/x86_64-linux-gnu/libtinfo.so.6.3)
==288711==    by 0x4B0D6A8: tgetent_sp (in /usr/lib/x86_64-linux-gnu/libtinfo.so.6.3)
==288711==    by 0x48A91CD: _rl_init_terminal_io (in /usr/lib/x86_64-linux-gnu/libreadline.so.8.1)
==288711==    by 0x4895A0F: rl_initialize (in /usr/lib/x86_64-linux-gnu/libreadline.so.8.1)
==288711==    by 0x4895CD4: readline (in /usr/lib/x86_64-linux-gnu/libreadline.so.8.1)
==288711==    by 0x10962C: first_control (main.c:36)
==288711==    by 0x1096F2: main (main.c:66)
==288711== 
==288711== 12 bytes in 1 blocks are still reachable in loss record 6 of 72
==288711==    at 0x4848899: malloc (in /usr/libexec/valgrind/vgpreload_memcheck-amd64-linux.so)
==288711==    by 0x48ADBAC: xmalloc (in /usr/lib/x86_64-linux-gnu/libreadline.so.8.1)
==288711==    by 0x48A6F28: add_history (in /usr/lib/x86_64-linux-gnu/libreadline.so.8.1)
==288711==    by 0x109714: main (main.c:71)
==288711== 
==288711== 13 bytes in 1 blocks are still reachable in loss record 7 of 72
==288711==    at 0x4848899: malloc (in /usr/libexec/valgrind/vgpreload_memcheck-amd64-linux.so)
==288711==    by 0x48ADBAC: xmalloc (in /usr/lib/x86_64-linux-gnu/libreadline.so.8.1)
==288711==    by 0x489BBF5: ??? (in /usr/lib/x86_64-linux-gnu/libreadline.so.8.1)
==288711==    by 0x4895A38: rl_initialize (in /usr/lib/x86_64-linux-gnu/libreadline.so.8.1)
==288711==    by 0x4895CD4: readline (in /usr/lib/x86_64-linux-gnu/libreadline.so.8.1)
==288711==    by 0x10962C: first_control (main.c:36)
==288711==    by 0x1096F2: main (main.c:66)
==288711== 
==288711== 14 bytes in 1 blocks are still reachable in loss record 8 of 72
==288711==    at 0x484DCD3: realloc (in /usr/libexec/valgrind/vgpreload_memcheck-amd64-linux.so)
==288711==    by 0x4B016CC: _nc_doalloc (in /usr/lib/x86_64-linux-gnu/libtinfo.so.6.3)
==288711==    by 0x4B08272: _nc_tiparm (in /usr/lib/x86_64-linux-gnu/libtinfo.so.6.3)
==288711==    by 0x4B0EC7D: ??? (in /usr/lib/x86_64-linux-gnu/libtinfo.so.6.3)
==288711==    by 0x4B0ED09: _nc_trim_sgr0 (in /usr/lib/x86_64-linux-gnu/libtinfo.so.6.3)
==288711==    by 0x4B0D6A8: tgetent_sp (in /usr/lib/x86_64-linux-gnu/libtinfo.so.6.3)
==288711==    by 0x48A91CD: _rl_init_terminal_io (in /usr/lib/x86_64-linux-gnu/libreadline.so.8.1)
==288711==    by 0x4895A0F: rl_initialize (in /usr/lib/x86_64-linux-gnu/libreadline.so.8.1)
==288711==    by 0x4895CD4: readline (in /usr/lib/x86_64-linux-gnu/libreadline.so.8.1)
==288711==    by 0x10962C: first_control (main.c:36)
==288711==    by 0x1096F2: main (main.c:66)
==288711== 
==288711== 15 bytes in 1 blocks are still reachable in loss record 9 of 72
==288711==    at 0x4848899: malloc (in /usr/libexec/valgrind/vgpreload_memcheck-amd64-linux.so)
==288711==    by 0x497058E: strdup (strdup.c:42)
==288711==    by 0x4B00377: ??? (in /usr/lib/x86_64-linux-gnu/libtinfo.so.6.3)
==288711==    by 0x4B02BF8: _nc_first_db (in /usr/lib/x86_64-linux-gnu/libtinfo.so.6.3)
==288711==    by 0x4B0C696: _nc_read_entry2 (in /usr/lib/x86_64-linux-gnu/libtinfo.so.6.3)
==288711==    by 0x4B0C711: ??? (in /usr/lib/x86_64-linux-gnu/libtinfo.so.6.3)
==288711==    by 0x4B0C866: _nc_setupterm (in /usr/lib/x86_64-linux-gnu/libtinfo.so.6.3)
==288711==    by 0x4B0D4C9: tgetent_sp (in /usr/lib/x86_64-linux-gnu/libtinfo.so.6.3)
==288711==    by 0x48A91CD: _rl_init_terminal_io (in /usr/lib/x86_64-linux-gnu/libreadline.so.8.1)
==288711==    by 0x4895A0F: rl_initialize (in /usr/lib/x86_64-linux-gnu/libreadline.so.8.1)
==288711==    by 0x4895CD4: readline (in /usr/lib/x86_64-linux-gnu/libreadline.so.8.1)
==288711==    by 0x10962C: first_control (main.c:36)
==288711== 
==288711== 15 bytes in 1 blocks are still reachable in loss record 10 of 72
==288711==    at 0x4848899: malloc (in /usr/libexec/valgrind/vgpreload_memcheck-amd64-linux.so)
==288711==    by 0x497058E: strdup (strdup.c:42)
==288711==    by 0x4B0C8AE: _nc_setupterm (in /usr/lib/x86_64-linux-gnu/libtinfo.so.6.3)
==288711==    by 0x4B0D4C9: tgetent_sp (in /usr/lib/x86_64-linux-gnu/libtinfo.so.6.3)
==288711==    by 0x48A91CD: _rl_init_terminal_io (in /usr/lib/x86_64-linux-gnu/libreadline.so.8.1)
==288711==    by 0x4895A0F: rl_initialize (in /usr/lib/x86_64-linux-gnu/libreadline.so.8.1)
==288711==    by 0x4895CD4: readline (in /usr/lib/x86_64-linux-gnu/libreadline.so.8.1)
==288711==    by 0x10962C: first_control (main.c:36)
==288711==    by 0x1096F2: main (main.c:66)
==288711== 
==288711== 16 bytes in 1 blocks are still reachable in loss record 11 of 72
==288711==    at 0x4848899: malloc (in /usr/libexec/valgrind/vgpreload_memcheck-amd64-linux.so)
==288711==    by 0x4895B26: rl_initialize (in /usr/lib/x86_64-linux-gnu/libreadline.so.8.1)
==288711==    by 0x4895CD4: readline (in /usr/lib/x86_64-linux-gnu/libreadline.so.8.1)
==288711==    by 0x10962C: first_control (main.c:36)
==288711==    by 0x1096F2: main (main.c:66)
==288711== 
==288711== 16 bytes in 1 blocks are still reachable in loss record 12 of 72
==288711==    at 0x4848899: malloc (in /usr/libexec/valgrind/vgpreload_memcheck-amd64-linux.so)
==288711==    by 0x109D5D: allocate_args_array (fill_cmd_utils.c:51)
==288711==    by 0x109A3F: fill_cmd_from_tokens (fill_cmd.c:47)
==288711==    by 0x109809: handle_new_cmd (cmd_builder_utils.c:35)
==288711==    by 0x10989A: process_command (cmd_builder_utils.c:56)
==288711==    by 0x109C3E: build_cmd_list_from_tokens (cmd_builder.c:56)
==288711==    by 0x10AF75: parse_line (parse_line.c:51)
==288711==    by 0x10972D: main (main.c:72)
==288711== 
==288711== 20 bytes in 1 blocks are still reachable in loss record 13 of 72
==288711==    at 0x4848899: malloc (in /usr/libexec/valgrind/vgpreload_memcheck-amd64-linux.so)
==288711==    by 0x48ADBAC: xmalloc (in /usr/lib/x86_64-linux-gnu/libreadline.so.8.1)
==288711==    by 0x4898D8B: ??? (in /usr/lib/x86_64-linux-gnu/libreadline.so.8.1)
==288711==    by 0x489B6C9: rl_parse_and_bind (in /usr/lib/x86_64-linux-gnu/libreadline.so.8.1)
==288711==    by 0x489BB6C: ??? (in /usr/lib/x86_64-linux-gnu/libreadline.so.8.1)
==288711==    by 0x4895A38: rl_initialize (in /usr/lib/x86_64-linux-gnu/libreadline.so.8.1)
==288711==    by 0x4895CD4: readline (in /usr/lib/x86_64-linux-gnu/libreadline.so.8.1)
==288711==    by 0x10962C: first_control (main.c:36)
==288711==    by 0x1096F2: main (main.c:66)
==288711== 
==288711== 24 bytes in 1 blocks are still reachable in loss record 14 of 72
==288711==    at 0x4848899: malloc (in /usr/libexec/valgrind/vgpreload_memcheck-amd64-linux.so)
==288711==    by 0x49E7F34: tsearch (tsearch.c:337)
==288711==    by 0x4B04D6E: ??? (in /usr/lib/x86_64-linux-gnu/libtinfo.so.6.3)
==288711==    by 0x4B08098: _nc_tiparm (in /usr/lib/x86_64-linux-gnu/libtinfo.so.6.3)
==288711==    by 0x4B0EC7D: ??? (in /usr/lib/x86_64-linux-gnu/libtinfo.so.6.3)
==288711==    by 0x4B0ED09: _nc_trim_sgr0 (in /usr/lib/x86_64-linux-gnu/libtinfo.so.6.3)
==288711==    by 0x4B0D6A8: tgetent_sp (in /usr/lib/x86_64-linux-gnu/libtinfo.so.6.3)
==288711==    by 0x48A91CD: _rl_init_terminal_io (in /usr/lib/x86_64-linux-gnu/libreadline.so.8.1)
==288711==    by 0x4895A0F: rl_initialize (in /usr/lib/x86_64-linux-gnu/libreadline.so.8.1)
==288711==    by 0x4895CD4: readline (in /usr/lib/x86_64-linux-gnu/libreadline.so.8.1)
==288711==    by 0x10962C: first_control (main.c:36)
==288711==    by 0x1096F2: main (main.c:66)
==288711== 
==288711== 24 bytes in 1 blocks are still reachable in loss record 15 of 72
==288711==    at 0x4848899: malloc (in /usr/libexec/valgrind/vgpreload_memcheck-amd64-linux.so)
==288711==    by 0x48ADBAC: xmalloc (in /usr/lib/x86_64-linux-gnu/libreadline.so.8.1)
==288711==    by 0x48A4B1D: alloc_history_entry (in /usr/lib/x86_64-linux-gnu/libreadline.so.8.1)
==288711==    by 0x48A6F65: add_history (in /usr/lib/x86_64-linux-gnu/libreadline.so.8.1)
==288711==    by 0x109714: main (main.c:71)
==288711== 
==288711== 27 bytes in 1 blocks are still reachable in loss record 16 of 72
==288711==    at 0x4848899: malloc (in /usr/libexec/valgrind/vgpreload_memcheck-amd64-linux.so)
==288711==    by 0x48ADBAC: xmalloc (in /usr/lib/x86_64-linux-gnu/libreadline.so.8.1)
==288711==    by 0x488A1E3: rl_set_prompt (in /usr/lib/x86_64-linux-gnu/libreadline.so.8.1)
==288711==    by 0x4895CCF: readline (in /usr/lib/x86_64-linux-gnu/libreadline.so.8.1)
==288711==    by 0x10962C: first_control (main.c:36)
==288711==    by 0x1096F2: main (main.c:66)
==288711== 
==288711== 27 bytes in 1 blocks are still reachable in loss record 17 of 72
==288711==    at 0x4848899: malloc (in /usr/libexec/valgrind/vgpreload_memcheck-amd64-linux.so)
==288711==    by 0x48ADBAC: xmalloc (in /usr/lib/x86_64-linux-gnu/libreadline.so.8.1)
==288711==    by 0x489A5F2: ??? (in /usr/lib/x86_64-linux-gnu/libreadline.so.8.1)
==288711==    by 0x489AE0D: rl_expand_prompt (in /usr/lib/x86_64-linux-gnu/libreadline.so.8.1)
==288711==    by 0x488A1BF: rl_set_prompt (in /usr/lib/x86_64-linux-gnu/libreadline.so.8.1)
==288711==    by 0x4895CCF: readline (in /usr/lib/x86_64-linux-gnu/libreadline.so.8.1)
==288711==    by 0x10962C: first_control (main.c:36)
==288711==    by 0x1096F2: main (main.c:66)
==288711== 
==288711== 27 bytes in 1 blocks are still reachable in loss record 18 of 72
==288711==    at 0x4848899: malloc (in /usr/libexec/valgrind/vgpreload_memcheck-amd64-linux.so)
==288711==    by 0x4B02624: _nc_home_terminfo (in /usr/lib/x86_64-linux-gnu/libtinfo.so.6.3)
==288711==    by 0x4B02BE2: _nc_first_db (in /usr/lib/x86_64-linux-gnu/libtinfo.so.6.3)
==288711==    by 0x4B0C696: _nc_read_entry2 (in /usr/lib/x86_64-linux-gnu/libtinfo.so.6.3)
==288711==    by 0x4B0C711: ??? (in /usr/lib/x86_64-linux-gnu/libtinfo.so.6.3)
==288711==    by 0x4B0C866: _nc_setupterm (in /usr/lib/x86_64-linux-gnu/libtinfo.so.6.3)
==288711==    by 0x4B0D4C9: tgetent_sp (in /usr/lib/x86_64-linux-gnu/libtinfo.so.6.3)
==288711==    by 0x48A91CD: _rl_init_terminal_io (in /usr/lib/x86_64-linux-gnu/libreadline.so.8.1)
==288711==    by 0x4895A0F: rl_initialize (in /usr/lib/x86_64-linux-gnu/libreadline.so.8.1)
==288711==    by 0x4895CD4: readline (in /usr/lib/x86_64-linux-gnu/libreadline.so.8.1)
==288711==    by 0x10962C: first_control (main.c:36)
==288711==    by 0x1096F2: main (main.c:66)
==288711== 
==288711== 46 bytes in 1 blocks are still reachable in loss record 19 of 72
==288711==    at 0x484DCD3: realloc (in /usr/libexec/valgrind/vgpreload_memcheck-amd64-linux.so)
==288711==    by 0x4B016CC: _nc_doalloc (in /usr/lib/x86_64-linux-gnu/libtinfo.so.6.3)
==288711==    by 0x4B0C16F: _nc_read_termtype (in /usr/lib/x86_64-linux-gnu/libtinfo.so.6.3)
==288711==    by 0x4B0C52A: ??? (in /usr/lib/x86_64-linux-gnu/libtinfo.so.6.3)
==288711==    by 0x4B0EC40: ??? (in /usr/lib/x86_64-linux-gnu/libtinfo.so.6.3)
==288711==    by 0x4B0C6BB: _nc_read_entry2 (in /usr/lib/x86_64-linux-gnu/libtinfo.so.6.3)
==288711==    by 0x4B0C711: ??? (in /usr/lib/x86_64-linux-gnu/libtinfo.so.6.3)
==288711==    by 0x4B0C866: _nc_setupterm (in /usr/lib/x86_64-linux-gnu/libtinfo.so.6.3)
==288711==    by 0x4B0D4C9: tgetent_sp (in /usr/lib/x86_64-linux-gnu/libtinfo.so.6.3)
==288711==    by 0x48A91CD: _rl_init_terminal_io (in /usr/lib/x86_64-linux-gnu/libreadline.so.8.1)
==288711==    by 0x4895A0F: rl_initialize (in /usr/lib/x86_64-linux-gnu/libreadline.so.8.1)
==288711==    by 0x4895CD4: readline (in /usr/lib/x86_64-linux-gnu/libreadline.so.8.1)
==288711== 
==288711== 46 bytes in 1 blocks are still reachable in loss record 20 of 72
==288711==    at 0x4848899: malloc (in /usr/libexec/valgrind/vgpreload_memcheck-amd64-linux.so)
==288711==    by 0x4B00FDE: ??? (in /usr/lib/x86_64-linux-gnu/libtinfo.so.6.3)
==288711==    by 0x4B0C87D: _nc_setupterm (in /usr/lib/x86_64-linux-gnu/libtinfo.so.6.3)
==288711==    by 0x4B0D4C9: tgetent_sp (in /usr/lib/x86_64-linux-gnu/libtinfo.so.6.3)
==288711==    by 0x48A91CD: _rl_init_terminal_io (in /usr/lib/x86_64-linux-gnu/libreadline.so.8.1)
==288711==    by 0x4895A0F: rl_initialize (in /usr/lib/x86_64-linux-gnu/libreadline.so.8.1)
==288711==    by 0x4895CD4: readline (in /usr/lib/x86_64-linux-gnu/libreadline.so.8.1)
==288711==    by 0x10962C: first_control (main.c:36)
==288711==    by 0x1096F2: main (main.c:66)
==288711== 
==288711== 48 bytes in 1 blocks are still reachable in loss record 21 of 72
==288711==    at 0x484DA83: calloc (in /usr/libexec/valgrind/vgpreload_memcheck-amd64-linux.so)
==288711==    by 0x4B02833: _nc_first_db (in /usr/lib/x86_64-linux-gnu/libtinfo.so.6.3)
==288711==    by 0x4B0C696: _nc_read_entry2 (in /usr/lib/x86_64-linux-gnu/libtinfo.so.6.3)
==288711==    by 0x4B0C711: ??? (in /usr/lib/x86_64-linux-gnu/libtinfo.so.6.3)
==288711==    by 0x4B0C866: _nc_setupterm (in /usr/lib/x86_64-linux-gnu/libtinfo.so.6.3)
==288711==    by 0x4B0D4C9: tgetent_sp (in /usr/lib/x86_64-linux-gnu/libtinfo.so.6.3)
==288711==    by 0x48A91CD: _rl_init_terminal_io (in /usr/lib/x86_64-linux-gnu/libreadline.so.8.1)
==288711==    by 0x4895A0F: rl_initialize (in /usr/lib/x86_64-linux-gnu/libreadline.so.8.1)
==288711==    by 0x4895CD4: readline (in /usr/lib/x86_64-linux-gnu/libreadline.so.8.1)
==288711==    by 0x10962C: first_control (main.c:36)
==288711==    by 0x1096F2: main (main.c:66)
==288711== 
==288711== 72 bytes in 1 blocks are still reachable in loss record 22 of 72
==288711==    at 0x4848899: malloc (in /usr/libexec/valgrind/vgpreload_memcheck-amd64-linux.so)
==288711==    by 0x109B3A: init_cmd (cmd_builder.c:21)
==288711==    by 0x1097D5: handle_new_cmd (cmd_builder_utils.c:32)
==288711==    by 0x10989A: process_command (cmd_builder_utils.c:56)
==288711==    by 0x109C3E: build_cmd_list_from_tokens (cmd_builder.c:56)
==288711==    by 0x10AF75: parse_line (parse_line.c:51)
==288711==    by 0x10972D: main (main.c:72)
==288711== 
==288711== 78 bytes in 1 blocks are still reachable in loss record 23 of 72
==288711==    at 0x4848899: malloc (in /usr/libexec/valgrind/vgpreload_memcheck-amd64-linux.so)
==288711==    by 0x4B0104B: ??? (in /usr/lib/x86_64-linux-gnu/libtinfo.so.6.3)
==288711==    by 0x4B0C87D: _nc_setupterm (in /usr/lib/x86_64-linux-gnu/libtinfo.so.6.3)
==288711==    by 0x4B0D4C9: tgetent_sp (in /usr/lib/x86_64-linux-gnu/libtinfo.so.6.3)
==288711==    by 0x48A91CD: _rl_init_terminal_io (in /usr/lib/x86_64-linux-gnu/libreadline.so.8.1)
==288711==    by 0x4895A0F: rl_initialize (in /usr/lib/x86_64-linux-gnu/libreadline.so.8.1)
==288711==    by 0x4895CD4: readline (in /usr/lib/x86_64-linux-gnu/libreadline.so.8.1)
==288711==    by 0x10962C: first_control (main.c:36)
==288711==    by 0x1096F2: main (main.c:66)
==288711== 
==288711== 93 bytes in 1 blocks are still reachable in loss record 24 of 72
==288711==    at 0x4848899: malloc (in /usr/libexec/valgrind/vgpreload_memcheck-amd64-linux.so)
==288711==    by 0x497058E: strdup (strdup.c:42)
==288711==    by 0x4B04D54: ??? (in /usr/lib/x86_64-linux-gnu/libtinfo.so.6.3)
==288711==    by 0x4B08098: _nc_tiparm (in /usr/lib/x86_64-linux-gnu/libtinfo.so.6.3)
==288711==    by 0x4B0EC7D: ??? (in /usr/lib/x86_64-linux-gnu/libtinfo.so.6.3)
==288711==    by 0x4B0ED09: _nc_trim_sgr0 (in /usr/lib/x86_64-linux-gnu/libtinfo.so.6.3)
==288711==    by 0x4B0D6A8: tgetent_sp (in /usr/lib/x86_64-linux-gnu/libtinfo.so.6.3)
==288711==    by 0x48A91CD: _rl_init_terminal_io (in /usr/lib/x86_64-linux-gnu/libreadline.so.8.1)
==288711==    by 0x4895A0F: rl_initialize (in /usr/lib/x86_64-linux-gnu/libreadline.so.8.1)
==288711==    by 0x4895CD4: readline (in /usr/lib/x86_64-linux-gnu/libreadline.so.8.1)
==288711==    by 0x10962C: first_control (main.c:36)
==288711==    by 0x1096F2: main (main.c:66)
==288711== 
==288711== 94 bytes in 1 blocks are still reachable in loss record 25 of 72
==288711==    at 0x4848899: malloc (in /usr/libexec/valgrind/vgpreload_memcheck-amd64-linux.so)
==288711==    by 0x4B0495B: _nc_tparm_analyze (in /usr/lib/x86_64-linux-gnu/libtinfo.so.6.3)
==288711==    by 0x4B04C62: ??? (in /usr/lib/x86_64-linux-gnu/libtinfo.so.6.3)
==288711==    by 0x4B08098: _nc_tiparm (in /usr/lib/x86_64-linux-gnu/libtinfo.so.6.3)
==288711==    by 0x4B0EC7D: ??? (in /usr/lib/x86_64-linux-gnu/libtinfo.so.6.3)
==288711==    by 0x4B0ED09: _nc_trim_sgr0 (in /usr/lib/x86_64-linux-gnu/libtinfo.so.6.3)
==288711==    by 0x4B0D6A8: tgetent_sp (in /usr/lib/x86_64-linux-gnu/libtinfo.so.6.3)
==288711==    by 0x48A91CD: _rl_init_terminal_io (in /usr/lib/x86_64-linux-gnu/libreadline.so.8.1)
==288711==    by 0x4895A0F: rl_initialize (in /usr/lib/x86_64-linux-gnu/libreadline.so.8.1)
==288711==    by 0x4895CD4: readline (in /usr/lib/x86_64-linux-gnu/libreadline.so.8.1)
==288711==    by 0x10962C: first_control (main.c:36)
==288711==    by 0x1096F2: main (main.c:66)
==288711== 
==288711== 96 bytes in 1 blocks are still reachable in loss record 26 of 72
==288711==    at 0x4848899: malloc (in /usr/libexec/valgrind/vgpreload_memcheck-amd64-linux.so)
==288711==    by 0x4B0279A: _nc_first_db (in /usr/lib/x86_64-linux-gnu/libtinfo.so.6.3)
==288711==    by 0x4B0C696: _nc_read_entry2 (in /usr/lib/x86_64-linux-gnu/libtinfo.so.6.3)
==288711==    by 0x4B0C711: ??? (in /usr/lib/x86_64-linux-gnu/libtinfo.so.6.3)
==288711==    by 0x4B0C866: _nc_setupterm (in /usr/lib/x86_64-linux-gnu/libtinfo.so.6.3)
==288711==    by 0x4B0D4C9: tgetent_sp (in /usr/lib/x86_64-linux-gnu/libtinfo.so.6.3)
==288711==    by 0x48A91CD: _rl_init_terminal_io (in /usr/lib/x86_64-linux-gnu/libreadline.so.8.1)
==288711==    by 0x4895A0F: rl_initialize (in /usr/lib/x86_64-linux-gnu/libreadline.so.8.1)
==288711==    by 0x4895CD4: readline (in /usr/lib/x86_64-linux-gnu/libreadline.so.8.1)
==288711==    by 0x10962C: first_control (main.c:36)
==288711==    by 0x1096F2: main (main.c:66)
==288711== 
==288711== 156 bytes in 1 blocks are still reachable in loss record 27 of 72
==288711==    at 0x484DCD3: realloc (in /usr/libexec/valgrind/vgpreload_memcheck-amd64-linux.so)
==288711==    by 0x4B016CC: _nc_doalloc (in /usr/lib/x86_64-linux-gnu/libtinfo.so.6.3)
==288711==    by 0x4B0C197: _nc_read_termtype (in /usr/lib/x86_64-linux-gnu/libtinfo.so.6.3)
==288711==    by 0x4B0C52A: ??? (in /usr/lib/x86_64-linux-gnu/libtinfo.so.6.3)
==288711==    by 0x4B0EC40: ??? (in /usr/lib/x86_64-linux-gnu/libtinfo.so.6.3)
==288711==    by 0x4B0C6BB: _nc_read_entry2 (in /usr/lib/x86_64-linux-gnu/libtinfo.so.6.3)
==288711==    by 0x4B0C711: ??? (in /usr/lib/x86_64-linux-gnu/libtinfo.so.6.3)
==288711==    by 0x4B0C866: _nc_setupterm (in /usr/lib/x86_64-linux-gnu/libtinfo.so.6.3)
==288711==    by 0x4B0D4C9: tgetent_sp (in /usr/lib/x86_64-linux-gnu/libtinfo.so.6.3)
==288711==    by 0x48A91CD: _rl_init_terminal_io (in /usr/lib/x86_64-linux-gnu/libreadline.so.8.1)
==288711==    by 0x4895A0F: rl_initialize (in /usr/lib/x86_64-linux-gnu/libreadline.so.8.1)
==288711==    by 0x4895CD4: readline (in /usr/lib/x86_64-linux-gnu/libreadline.so.8.1)
==288711== 
==288711== 168 bytes in 1 blocks are still reachable in loss record 28 of 72
==288711==    at 0x484DA83: calloc (in /usr/libexec/valgrind/vgpreload_memcheck-amd64-linux.so)
==288711==    by 0x4B04CCD: ??? (in /usr/lib/x86_64-linux-gnu/libtinfo.so.6.3)
==288711==    by 0x4B08098: _nc_tiparm (in /usr/lib/x86_64-linux-gnu/libtinfo.so.6.3)
==288711==    by 0x4B0EC7D: ??? (in /usr/lib/x86_64-linux-gnu/libtinfo.so.6.3)
==288711==    by 0x4B0ED09: _nc_trim_sgr0 (in /usr/lib/x86_64-linux-gnu/libtinfo.so.6.3)
==288711==    by 0x4B0D6A8: tgetent_sp (in /usr/lib/x86_64-linux-gnu/libtinfo.so.6.3)
==288711==    by 0x48A91CD: _rl_init_terminal_io (in /usr/lib/x86_64-linux-gnu/libreadline.so.8.1)
==288711==    by 0x4895A0F: rl_initialize (in /usr/lib/x86_64-linux-gnu/libreadline.so.8.1)
==288711==    by 0x4895CD4: readline (in /usr/lib/x86_64-linux-gnu/libreadline.so.8.1)
==288711==    by 0x10962C: first_control (main.c:36)
==288711==    by 0x1096F2: main (main.c:66)
==288711== 
==288711== 256 bytes in 1 blocks are still reachable in loss record 29 of 72
==288711==    at 0x4848899: malloc (in /usr/libexec/valgrind/vgpreload_memcheck-amd64-linux.so)
==288711==    by 0x48ADBAC: xmalloc (in /usr/lib/x86_64-linux-gnu/libreadline.so.8.1)
==288711==    by 0x4895C86: rl_initialize (in /usr/lib/x86_64-linux-gnu/libreadline.so.8.1)
==288711==    by 0x4895CD4: readline (in /usr/lib/x86_64-linux-gnu/libreadline.so.8.1)
==288711==    by 0x10962C: first_control (main.c:36)
==288711==    by 0x1096F2: main (main.c:66)
==288711== 
==288711== 432 bytes in 1 blocks are still reachable in loss record 30 of 72
==288711==    at 0x4848899: malloc (in /usr/libexec/valgrind/vgpreload_memcheck-amd64-linux.so)
==288711==    by 0x10D2BF: copy_envp (mini_envp.c:50)
==288711==    by 0x1096B5: main (main.c:60)
==288711== 
==288711== 608 bytes in 1 blocks are still reachable in loss record 31 of 72
==288711==    at 0x484DA83: calloc (in /usr/libexec/valgrind/vgpreload_memcheck-amd64-linux.so)
==288711==    by 0x4B0C37E: _nc_read_termtype (in /usr/lib/x86_64-linux-gnu/libtinfo.so.6.3)
==288711==    by 0x4B0C52A: ??? (in /usr/lib/x86_64-linux-gnu/libtinfo.so.6.3)
==288711==    by 0x4B0EC40: ??? (in /usr/lib/x86_64-linux-gnu/libtinfo.so.6.3)
==288711==    by 0x4B0C6BB: _nc_read_entry2 (in /usr/lib/x86_64-linux-gnu/libtinfo.so.6.3)
==288711==    by 0x4B0C711: ??? (in /usr/lib/x86_64-linux-gnu/libtinfo.so.6.3)
==288711==    by 0x4B0C866: _nc_setupterm (in /usr/lib/x86_64-linux-gnu/libtinfo.so.6.3)
==288711==    by 0x4B0D4C9: tgetent_sp (in /usr/lib/x86_64-linux-gnu/libtinfo.so.6.3)
==288711==    by 0x48A91CD: _rl_init_terminal_io (in /usr/lib/x86_64-linux-gnu/libreadline.so.8.1)
==288711==    by 0x4895A0F: rl_initialize (in /usr/lib/x86_64-linux-gnu/libreadline.so.8.1)
==288711==    by 0x4895CD4: readline (in /usr/lib/x86_64-linux-gnu/libreadline.so.8.1)
==288711==    by 0x10962C: first_control (main.c:36)
==288711== 
==288711== 608 bytes in 1 blocks are still reachable in loss record 32 of 72
==288711==    at 0x4848899: malloc (in /usr/libexec/valgrind/vgpreload_memcheck-amd64-linux.so)
==288711==    by 0x4B01119: ??? (in /usr/lib/x86_64-linux-gnu/libtinfo.so.6.3)
==288711==    by 0x4B0C87D: _nc_setupterm (in /usr/lib/x86_64-linux-gnu/libtinfo.so.6.3)
==288711==    by 0x4B0D4C9: tgetent_sp (in /usr/lib/x86_64-linux-gnu/libtinfo.so.6.3)
==288711==    by 0x48A91CD: _rl_init_terminal_io (in /usr/lib/x86_64-linux-gnu/libreadline.so.8.1)
==288711==    by 0x4895A0F: rl_initialize (in /usr/lib/x86_64-linux-gnu/libreadline.so.8.1)
==288711==    by 0x4895CD4: readline (in /usr/lib/x86_64-linux-gnu/libreadline.so.8.1)
==288711==    by 0x10962C: first_control (main.c:36)
==288711==    by 0x1096F2: main (main.c:66)
==288711== 
==288711== 760 bytes in 1 blocks are still reachable in loss record 33 of 72
==288711==    at 0x484DA83: calloc (in /usr/libexec/valgrind/vgpreload_memcheck-amd64-linux.so)
==288711==    by 0x4B0C819: _nc_setupterm (in /usr/lib/x86_64-linux-gnu/libtinfo.so.6.3)
==288711==    by 0x4B0D4C9: tgetent_sp (in /usr/lib/x86_64-linux-gnu/libtinfo.so.6.3)
==288711==    by 0x48A91CD: _rl_init_terminal_io (in /usr/lib/x86_64-linux-gnu/libreadline.so.8.1)
==288711==    by 0x4895A0F: rl_initialize (in /usr/lib/x86_64-linux-gnu/libreadline.so.8.1)
==288711==    by 0x4895CD4: readline (in /usr/lib/x86_64-linux-gnu/libreadline.so.8.1)
==288711==    by 0x10962C: first_control (main.c:36)
==288711==    by 0x1096F2: main (main.c:66)
==288711== 
==288711== 940 bytes in 1 blocks are still reachable in loss record 34 of 72
==288711==    at 0x4848899: malloc (in /usr/libexec/valgrind/vgpreload_memcheck-amd64-linux.so)
==288711==    by 0x4B0C287: _nc_read_termtype (in /usr/lib/x86_64-linux-gnu/libtinfo.so.6.3)
==288711==    by 0x4B0C52A: ??? (in /usr/lib/x86_64-linux-gnu/libtinfo.so.6.3)
==288711==    by 0x4B0EC40: ??? (in /usr/lib/x86_64-linux-gnu/libtinfo.so.6.3)
==288711==    by 0x4B0C6BB: _nc_read_entry2 (in /usr/lib/x86_64-linux-gnu/libtinfo.so.6.3)
==288711==    by 0x4B0C711: ??? (in /usr/lib/x86_64-linux-gnu/libtinfo.so.6.3)
==288711==    by 0x4B0C866: _nc_setupterm (in /usr/lib/x86_64-linux-gnu/libtinfo.so.6.3)
==288711==    by 0x4B0D4C9: tgetent_sp (in /usr/lib/x86_64-linux-gnu/libtinfo.so.6.3)
==288711==    by 0x48A91CD: _rl_init_terminal_io (in /usr/lib/x86_64-linux-gnu/libreadline.so.8.1)
==288711==    by 0x4895A0F: rl_initialize (in /usr/lib/x86_64-linux-gnu/libreadline.so.8.1)
==288711==    by 0x4895CD4: readline (in /usr/lib/x86_64-linux-gnu/libreadline.so.8.1)
==288711==    by 0x10962C: first_control (main.c:36)
==288711== 
==288711== 1,024 bytes in 1 blocks are still reachable in loss record 35 of 72
==288711==    at 0x4848899: malloc (in /usr/libexec/valgrind/vgpreload_memcheck-amd64-linux.so)
==288711==    by 0x48AE4A7: xrealloc (in /usr/lib/x86_64-linux-gnu/libreadline.so.8.1)
==288711==    by 0x4897C7B: ??? (in /usr/lib/x86_64-linux-gnu/libreadline.so.8.1)
==288711==    by 0x4897D67: ??? (in /usr/lib/x86_64-linux-gnu/libreadline.so.8.1)
==288711==    by 0x48A0C7E: rl_redisplay (in /usr/lib/x86_64-linux-gnu/libreadline.so.8.1)
==288711==    by 0x488B458: readline_internal_setup (in /usr/lib/x86_64-linux-gnu/libreadline.so.8.1)
==288711==    by 0x4895CF8: readline (in /usr/lib/x86_64-linux-gnu/libreadline.so.8.1)
==288711==    by 0x10962C: first_control (main.c:36)
==288711==    by 0x1096F2: main (main.c:66)
==288711== 
==288711== 1,024 bytes in 1 blocks are still reachable in loss record 36 of 72
==288711==    at 0x4848899: malloc (in /usr/libexec/valgrind/vgpreload_memcheck-amd64-linux.so)
==288711==    by 0x48AE4A7: xrealloc (in /usr/lib/x86_64-linux-gnu/libreadline.so.8.1)
==288711==    by 0x4897C8B: ??? (in /usr/lib/x86_64-linux-gnu/libreadline.so.8.1)
==288711==    by 0x4897D67: ??? (in /usr/lib/x86_64-linux-gnu/libreadline.so.8.1)
==288711==    by 0x48A0C7E: rl_redisplay (in /usr/lib/x86_64-linux-gnu/libreadline.so.8.1)
==288711==    by 0x488B458: readline_internal_setup (in /usr/lib/x86_64-linux-gnu/libreadline.so.8.1)
==288711==    by 0x4895CF8: readline (in /usr/lib/x86_64-linux-gnu/libreadline.so.8.1)
==288711==    by 0x10962C: first_control (main.c:36)
==288711==    by 0x1096F2: main (main.c:66)
==288711== 
==288711== 1,024 bytes in 1 blocks are still reachable in loss record 37 of 72
==288711==    at 0x4848899: malloc (in /usr/libexec/valgrind/vgpreload_memcheck-amd64-linux.so)
==288711==    by 0x48AE4A7: xrealloc (in /usr/lib/x86_64-linux-gnu/libreadline.so.8.1)
==288711==    by 0x4897CA2: ??? (in /usr/lib/x86_64-linux-gnu/libreadline.so.8.1)
==288711==    by 0x4897D67: ??? (in /usr/lib/x86_64-linux-gnu/libreadline.so.8.1)
==288711==    by 0x48A0C7E: rl_redisplay (in /usr/lib/x86_64-linux-gnu/libreadline.so.8.1)
==288711==    by 0x488B458: readline_internal_setup (in /usr/lib/x86_64-linux-gnu/libreadline.so.8.1)
==288711==    by 0x4895CF8: readline (in /usr/lib/x86_64-linux-gnu/libreadline.so.8.1)
==288711==    by 0x10962C: first_control (main.c:36)
==288711==    by 0x1096F2: main (main.c:66)
==288711== 
==288711== 1,024 bytes in 1 blocks are still reachable in loss record 38 of 72
==288711==    at 0x4848899: malloc (in /usr/libexec/valgrind/vgpreload_memcheck-amd64-linux.so)
==288711==    by 0x48AE4A7: xrealloc (in /usr/lib/x86_64-linux-gnu/libreadline.so.8.1)
==288711==    by 0x4897CBB: ??? (in /usr/lib/x86_64-linux-gnu/libreadline.so.8.1)
==288711==    by 0x4897D67: ??? (in /usr/lib/x86_64-linux-gnu/libreadline.so.8.1)
==288711==    by 0x48A0C7E: rl_redisplay (in /usr/lib/x86_64-linux-gnu/libreadline.so.8.1)
==288711==    by 0x488B458: readline_internal_setup (in /usr/lib/x86_64-linux-gnu/libreadline.so.8.1)
==288711==    by 0x4895CF8: readline (in /usr/lib/x86_64-linux-gnu/libreadline.so.8.1)
==288711==    by 0x10962C: first_control (main.c:36)
==288711==    by 0x1096F2: main (main.c:66)
==288711== 
==288711== 1,024 bytes in 1 blocks are still reachable in loss record 39 of 72
==288711==    at 0x4848899: malloc (in /usr/libexec/valgrind/vgpreload_memcheck-amd64-linux.so)
==288711==    by 0x48ADBAC: xmalloc (in /usr/lib/x86_64-linux-gnu/libreadline.so.8.1)
==288711==    by 0x4897DC5: ??? (in /usr/lib/x86_64-linux-gnu/libreadline.so.8.1)
==288711==    by 0x48A0C7E: rl_redisplay (in /usr/lib/x86_64-linux-gnu/libreadline.so.8.1)
==288711==    by 0x488B458: readline_internal_setup (in /usr/lib/x86_64-linux-gnu/libreadline.so.8.1)
==288711==    by 0x4895CF8: readline (in /usr/lib/x86_64-linux-gnu/libreadline.so.8.1)
==288711==    by 0x10962C: first_control (main.c:36)
==288711==    by 0x1096F2: main (main.c:66)
==288711== 
==288711== 1,024 bytes in 1 blocks are still reachable in loss record 40 of 72
==288711==    at 0x4848899: malloc (in /usr/libexec/valgrind/vgpreload_memcheck-amd64-linux.so)
==288711==    by 0x48ADBAC: xmalloc (in /usr/lib/x86_64-linux-gnu/libreadline.so.8.1)
==288711==    by 0x4897DDA: ??? (in /usr/lib/x86_64-linux-gnu/libreadline.so.8.1)
==288711==    by 0x48A0C7E: rl_redisplay (in /usr/lib/x86_64-linux-gnu/libreadline.so.8.1)
==288711==    by 0x488B458: readline_internal_setup (in /usr/lib/x86_64-linux-gnu/libreadline.so.8.1)
==288711==    by 0x4895CF8: readline (in /usr/lib/x86_64-linux-gnu/libreadline.so.8.1)
==288711==    by 0x10962C: first_control (main.c:36)
==288711==    by 0x1096F2: main (main.c:66)
==288711== 
==288711== 1,024 bytes in 1 blocks are still reachable in loss record 41 of 72
==288711==    at 0x4848899: malloc (in /usr/libexec/valgrind/vgpreload_memcheck-amd64-linux.so)
==288711==    by 0x48ADBAC: xmalloc (in /usr/lib/x86_64-linux-gnu/libreadline.so.8.1)
==288711==    by 0x4897DE8: ??? (in /usr/lib/x86_64-linux-gnu/libreadline.so.8.1)
==288711==    by 0x48A0C7E: rl_redisplay (in /usr/lib/x86_64-linux-gnu/libreadline.so.8.1)
==288711==    by 0x488B458: readline_internal_setup (in /usr/lib/x86_64-linux-gnu/libreadline.so.8.1)
==288711==    by 0x4895CF8: readline (in /usr/lib/x86_64-linux-gnu/libreadline.so.8.1)
==288711==    by 0x10962C: first_control (main.c:36)
==288711==    by 0x1096F2: main (main.c:66)
==288711== 
==288711== 1,024 bytes in 1 blocks are still reachable in loss record 42 of 72
==288711==    at 0x4848899: malloc (in /usr/libexec/valgrind/vgpreload_memcheck-amd64-linux.so)
==288711==    by 0x48ADBAC: xmalloc (in /usr/lib/x86_64-linux-gnu/libreadline.so.8.1)
==288711==    by 0x4897DF6: ??? (in /usr/lib/x86_64-linux-gnu/libreadline.so.8.1)
==288711==    by 0x48A0C7E: rl_redisplay (in /usr/lib/x86_64-linux-gnu/libreadline.so.8.1)
==288711==    by 0x488B458: readline_internal_setup (in /usr/lib/x86_64-linux-gnu/libreadline.so.8.1)
==288711==    by 0x4895CF8: readline (in /usr/lib/x86_64-linux-gnu/libreadline.so.8.1)
==288711==    by 0x10962C: first_control (main.c:36)
==288711==    by 0x1096F2: main (main.c:66)
==288711== 
==288711== 1,536 bytes in 1 blocks are still reachable in loss record 43 of 72
==288711==    at 0x484DCD3: realloc (in /usr/libexec/valgrind/vgpreload_memcheck-amd64-linux.so)
==288711==    by 0x48AE491: xrealloc (in /usr/lib/x86_64-linux-gnu/libreadline.so.8.1)
==288711==    by 0x488B877: rl_add_funmap_entry (in /usr/lib/x86_64-linux-gnu/libreadline.so.8.1)
==288711==    by 0x488B8C8: rl_initialize_funmap (in /usr/lib/x86_64-linux-gnu/libreadline.so.8.1)
==288711==    by 0x4895A2C: rl_initialize (in /usr/lib/x86_64-linux-gnu/libreadline.so.8.1)
==288711==    by 0x4895CD4: readline (in /usr/lib/x86_64-linux-gnu/libreadline.so.8.1)
==288711==    by 0x10962C: first_control (main.c:36)
==288711==    by 0x1096F2: main (main.c:66)
==288711== 
==288711== 1,664 bytes in 1 blocks are still reachable in loss record 44 of 72
==288711==    at 0x4848899: malloc (in /usr/libexec/valgrind/vgpreload_memcheck-amd64-linux.so)
==288711==    by 0x4B0BACD: _nc_read_termtype (in /usr/lib/x86_64-linux-gnu/libtinfo.so.6.3)
==288711==    by 0x4B0C52A: ??? (in /usr/lib/x86_64-linux-gnu/libtinfo.so.6.3)
==288711==    by 0x4B0EC40: ??? (in /usr/lib/x86_64-linux-gnu/libtinfo.so.6.3)
==288711==    by 0x4B0C6BB: _nc_read_entry2 (in /usr/lib/x86_64-linux-gnu/libtinfo.so.6.3)
==288711==    by 0x4B0C711: ??? (in /usr/lib/x86_64-linux-gnu/libtinfo.so.6.3)
==288711==    by 0x4B0C866: _nc_setupterm (in /usr/lib/x86_64-linux-gnu/libtinfo.so.6.3)
==288711==    by 0x4B0D4C9: tgetent_sp (in /usr/lib/x86_64-linux-gnu/libtinfo.so.6.3)
==288711==    by 0x48A91CD: _rl_init_terminal_io (in /usr/lib/x86_64-linux-gnu/libreadline.so.8.1)
==288711==    by 0x4895A0F: rl_initialize (in /usr/lib/x86_64-linux-gnu/libreadline.so.8.1)
==288711==    by 0x4895CD4: readline (in /usr/lib/x86_64-linux-gnu/libreadline.so.8.1)
==288711==    by 0x10962C: first_control (main.c:36)
==288711== 
==288711== 2,032 bytes in 1 blocks are still reachable in loss record 45 of 72
==288711==    at 0x4848899: malloc (in /usr/libexec/valgrind/vgpreload_memcheck-amd64-linux.so)
==288711==    by 0x48ADBAC: xmalloc (in /usr/lib/x86_64-linux-gnu/libreadline.so.8.1)
==288711==    by 0x48A9419: _rl_init_terminal_io (in /usr/lib/x86_64-linux-gnu/libreadline.so.8.1)
==288711==    by 0x4895A0F: rl_initialize (in /usr/lib/x86_64-linux-gnu/libreadline.so.8.1)
==288711==    by 0x4895CD4: readline (in /usr/lib/x86_64-linux-gnu/libreadline.so.8.1)
==288711==    by 0x10962C: first_control (main.c:36)
==288711==    by 0x1096F2: main (main.c:66)
==288711== 
==288711== 2,047 bytes in 53 blocks are still reachable in loss record 46 of 72
==288711==    at 0x4848899: malloc (in /usr/libexec/valgrind/vgpreload_memcheck-amd64-linux.so)
==288711==    by 0x10F83B: ft_strdup (in /goinfre/anoviedo/minishel-github/minishell)
==288711==    by 0x10D309: copy_envp (mini_envp.c:55)
==288711==    by 0x1096B5: main (main.c:60)
==288711== 
==288711== 2,240 bytes in 140 blocks are still reachable in loss record 47 of 72
==288711==    at 0x4848899: malloc (in /usr/libexec/valgrind/vgpreload_memcheck-amd64-linux.so)
==288711==    by 0x48ADBAC: xmalloc (in /usr/lib/x86_64-linux-gnu/libreadline.so.8.1)
==288711==    by 0x488B822: rl_add_funmap_entry (in /usr/lib/x86_64-linux-gnu/libreadline.so.8.1)
==288711==    by 0x488B8C8: rl_initialize_funmap (in /usr/lib/x86_64-linux-gnu/libreadline.so.8.1)
==288711==    by 0x4895A2C: rl_initialize (in /usr/lib/x86_64-linux-gnu/libreadline.so.8.1)
==288711==    by 0x4895CD4: readline (in /usr/lib/x86_64-linux-gnu/libreadline.so.8.1)
==288711==    by 0x10962C: first_control (main.c:36)
==288711==    by 0x1096F2: main (main.c:66)
==288711== 
==288711== 3,904 bytes in 1 blocks are still reachable in loss record 48 of 72
==288711==    at 0x484DCD3: realloc (in /usr/libexec/valgrind/vgpreload_memcheck-amd64-linux.so)
==288711==    by 0x4B016CC: _nc_doalloc (in /usr/lib/x86_64-linux-gnu/libtinfo.so.6.3)
==288711==    by 0x4B0C1B5: _nc_read_termtype (in /usr/lib/x86_64-linux-gnu/libtinfo.so.6.3)
==288711==    by 0x4B0C52A: ??? (in /usr/lib/x86_64-linux-gnu/libtinfo.so.6.3)
==288711==    by 0x4B0EC40: ??? (in /usr/lib/x86_64-linux-gnu/libtinfo.so.6.3)
==288711==    by 0x4B0C6BB: _nc_read_entry2 (in /usr/lib/x86_64-linux-gnu/libtinfo.so.6.3)
==288711==    by 0x4B0C711: ??? (in /usr/lib/x86_64-linux-gnu/libtinfo.so.6.3)
==288711==    by 0x4B0C866: _nc_setupterm (in /usr/lib/x86_64-linux-gnu/libtinfo.so.6.3)
==288711==    by 0x4B0D4C9: tgetent_sp (in /usr/lib/x86_64-linux-gnu/libtinfo.so.6.3)
==288711==    by 0x48A91CD: _rl_init_terminal_io (in /usr/lib/x86_64-linux-gnu/libreadline.so.8.1)
==288711==    by 0x4895A0F: rl_initialize (in /usr/lib/x86_64-linux-gnu/libreadline.so.8.1)
==288711==    by 0x4895CD4: readline (in /usr/lib/x86_64-linux-gnu/libreadline.so.8.1)
==288711== 
==288711== 3,904 bytes in 1 blocks are still reachable in loss record 49 of 72
==288711==    at 0x4848899: malloc (in /usr/libexec/valgrind/vgpreload_memcheck-amd64-linux.so)
==288711==    by 0x4B00FFF: ??? (in /usr/lib/x86_64-linux-gnu/libtinfo.so.6.3)
==288711==    by 0x4B0C87D: _nc_setupterm (in /usr/lib/x86_64-linux-gnu/libtinfo.so.6.3)
==288711==    by 0x4B0D4C9: tgetent_sp (in /usr/lib/x86_64-linux-gnu/libtinfo.so.6.3)
==288711==    by 0x48A91CD: _rl_init_terminal_io (in /usr/lib/x86_64-linux-gnu/libreadline.so.8.1)
==288711==    by 0x4895A0F: rl_initialize (in /usr/lib/x86_64-linux-gnu/libreadline.so.8.1)
==288711==    by 0x4895CD4: readline (in /usr/lib/x86_64-linux-gnu/libreadline.so.8.1)
==288711==    by 0x10962C: first_control (main.c:36)
==288711==    by 0x1096F2: main (main.c:66)
==288711== 
==288711== 4,016 bytes in 1 blocks are still reachable in loss record 50 of 72
==288711==    at 0x4848899: malloc (in /usr/libexec/valgrind/vgpreload_memcheck-amd64-linux.so)
==288711==    by 0x48ADBAC: xmalloc (in /usr/lib/x86_64-linux-gnu/libreadline.so.8.1)
==288711==    by 0x48A6FD6: add_history (in /usr/lib/x86_64-linux-gnu/libreadline.so.8.1)
==288711==    by 0x109714: main (main.c:71)
==288711== 
==288711== 4,080 bytes in 1 blocks are still reachable in loss record 51 of 72
==288711==    at 0x4848899: malloc (in /usr/libexec/valgrind/vgpreload_memcheck-amd64-linux.so)
==288711==    by 0x48ADBAC: xmalloc (in /usr/lib/x86_64-linux-gnu/libreadline.so.8.1)
==288711==    by 0x48A93F9: _rl_init_terminal_io (in /usr/lib/x86_64-linux-gnu/libreadline.so.8.1)
==288711==    by 0x4895A0F: rl_initialize (in /usr/lib/x86_64-linux-gnu/libreadline.so.8.1)
==288711==    by 0x4895CD4: readline (in /usr/lib/x86_64-linux-gnu/libreadline.so.8.1)
==288711==    by 0x10962C: first_control (main.c:36)
==288711==    by 0x1096F2: main (main.c:66)
==288711== 
==288711== 4,112 bytes in 1 blocks are still reachable in loss record 52 of 72
==288711==    at 0x4848899: malloc (in /usr/libexec/valgrind/vgpreload_memcheck-amd64-linux.so)
==288711==    by 0x48ADBAC: xmalloc (in /usr/lib/x86_64-linux-gnu/libreadline.so.8.1)
==288711==    by 0x488A251: rl_make_bare_keymap (in /usr/lib/x86_64-linux-gnu/libreadline.so.8.1)
==288711==    by 0x488AB6A: rl_generic_bind (in /usr/lib/x86_64-linux-gnu/libreadline.so.8.1)
==288711==    by 0x489575D: rl_bind_keyseq_if_unbound_in_map (in /usr/lib/x86_64-linux-gnu/libreadline.so.8.1)
==288711==    by 0x48A8DD5: ??? (in /usr/lib/x86_64-linux-gnu/libreadline.so.8.1)
==288711==    by 0x48A931F: _rl_init_terminal_io (in /usr/lib/x86_64-linux-gnu/libreadline.so.8.1)
==288711==    by 0x4895A0F: rl_initialize (in /usr/lib/x86_64-linux-gnu/libreadline.so.8.1)
==288711==    by 0x4895CD4: readline (in /usr/lib/x86_64-linux-gnu/libreadline.so.8.1)
==288711==    by 0x10962C: first_control (main.c:36)
==288711==    by 0x1096F2: main (main.c:66)
==288711== 
==288711== 4,112 bytes in 1 blocks are still reachable in loss record 53 of 72
==288711==    at 0x4848899: malloc (in /usr/libexec/valgrind/vgpreload_memcheck-amd64-linux.so)
==288711==    by 0x48ADBAC: xmalloc (in /usr/lib/x86_64-linux-gnu/libreadline.so.8.1)
==288711==    by 0x488A251: rl_make_bare_keymap (in /usr/lib/x86_64-linux-gnu/libreadline.so.8.1)
==288711==    by 0x488AB6A: rl_generic_bind (in /usr/lib/x86_64-linux-gnu/libreadline.so.8.1)
==288711==    by 0x489575D: rl_bind_keyseq_if_unbound_in_map (in /usr/lib/x86_64-linux-gnu/libreadline.so.8.1)
==288711==    by 0x48A8E5A: ??? (in /usr/lib/x86_64-linux-gnu/libreadline.so.8.1)
==288711==    by 0x48A931F: _rl_init_terminal_io (in /usr/lib/x86_64-linux-gnu/libreadline.so.8.1)
==288711==    by 0x4895A0F: rl_initialize (in /usr/lib/x86_64-linux-gnu/libreadline.so.8.1)
==288711==    by 0x4895CD4: readline (in /usr/lib/x86_64-linux-gnu/libreadline.so.8.1)
==288711==    by 0x10962C: first_control (main.c:36)
==288711==    by 0x1096F2: main (main.c:66)
==288711== 
==288711== 4,112 bytes in 1 blocks are still reachable in loss record 54 of 72
==288711==    at 0x4848899: malloc (in /usr/libexec/valgrind/vgpreload_memcheck-amd64-linux.so)
==288711==    by 0x48ADBAC: xmalloc (in /usr/lib/x86_64-linux-gnu/libreadline.so.8.1)
==288711==    by 0x488A251: rl_make_bare_keymap (in /usr/lib/x86_64-linux-gnu/libreadline.so.8.1)
==288711==    by 0x488AB6A: rl_generic_bind (in /usr/lib/x86_64-linux-gnu/libreadline.so.8.1)
==288711==    by 0x489575D: rl_bind_keyseq_if_unbound_in_map (in /usr/lib/x86_64-linux-gnu/libreadline.so.8.1)
==288711==    by 0x48A8E5A: ??? (in /usr/lib/x86_64-linux-gnu/libreadline.so.8.1)
==288711==    by 0x48A932B: _rl_init_terminal_io (in /usr/lib/x86_64-linux-gnu/libreadline.so.8.1)
==288711==    by 0x4895A0F: rl_initialize (in /usr/lib/x86_64-linux-gnu/libreadline.so.8.1)
==288711==    by 0x4895CD4: readline (in /usr/lib/x86_64-linux-gnu/libreadline.so.8.1)
==288711==    by 0x10962C: first_control (main.c:36)
==288711==    by 0x1096F2: main (main.c:66)
==288711== 
==288711== 4,112 bytes in 1 blocks are still reachable in loss record 55 of 72
==288711==    at 0x4848899: malloc (in /usr/libexec/valgrind/vgpreload_memcheck-amd64-linux.so)
==288711==    by 0x48ADBAC: xmalloc (in /usr/lib/x86_64-linux-gnu/libreadline.so.8.1)
==288711==    by 0x488A251: rl_make_bare_keymap (in /usr/lib/x86_64-linux-gnu/libreadline.so.8.1)
==288711==    by 0x488AB6A: rl_generic_bind (in /usr/lib/x86_64-linux-gnu/libreadline.so.8.1)
==288711==    by 0x489575D: rl_bind_keyseq_if_unbound_in_map (in /usr/lib/x86_64-linux-gnu/libreadline.so.8.1)
==288711==    by 0x48A8E5A: ??? (in /usr/lib/x86_64-linux-gnu/libreadline.so.8.1)
==288711==    by 0x48A9337: _rl_init_terminal_io (in /usr/lib/x86_64-linux-gnu/libreadline.so.8.1)
==288711==    by 0x4895A0F: rl_initialize (in /usr/lib/x86_64-linux-gnu/libreadline.so.8.1)
==288711==    by 0x4895CD4: readline (in /usr/lib/x86_64-linux-gnu/libreadline.so.8.1)
==288711==    by 0x10962C: first_control (main.c:36)
==288711==    by 0x1096F2: main (main.c:66)
==288711== 
==288711== 4,112 bytes in 1 blocks are still reachable in loss record 56 of 72
==288711==    at 0x4848899: malloc (in /usr/libexec/valgrind/vgpreload_memcheck-amd64-linux.so)
==288711==    by 0x48ADBAC: xmalloc (in /usr/lib/x86_64-linux-gnu/libreadline.so.8.1)
==288711==    by 0x488A251: rl_make_bare_keymap (in /usr/lib/x86_64-linux-gnu/libreadline.so.8.1)
==288711==    by 0x488AB6A: rl_generic_bind (in /usr/lib/x86_64-linux-gnu/libreadline.so.8.1)
==288711==    by 0x489575D: rl_bind_keyseq_if_unbound_in_map (in /usr/lib/x86_64-linux-gnu/libreadline.so.8.1)
==288711==    by 0x489594C: ??? (in /usr/lib/x86_64-linux-gnu/libreadline.so.8.1)
==288711==    by 0x4895A84: rl_initialize (in /usr/lib/x86_64-linux-gnu/libreadline.so.8.1)
==288711==    by 0x4895CD4: readline (in /usr/lib/x86_64-linux-gnu/libreadline.so.8.1)
==288711==    by 0x10962C: first_control (main.c:36)
==288711==    by 0x1096F2: main (main.c:66)
==288711== 
==288711== 4,112 bytes in 1 blocks are still reachable in loss record 57 of 72
==288711==    at 0x4848899: malloc (in /usr/libexec/valgrind/vgpreload_memcheck-amd64-linux.so)
==288711==    by 0x48ADBAC: xmalloc (in /usr/lib/x86_64-linux-gnu/libreadline.so.8.1)
==288711==    by 0x488A251: rl_make_bare_keymap (in /usr/lib/x86_64-linux-gnu/libreadline.so.8.1)
==288711==    by 0x488AB6A: rl_generic_bind (in /usr/lib/x86_64-linux-gnu/libreadline.so.8.1)
==288711==    by 0x489575D: rl_bind_keyseq_if_unbound_in_map (in /usr/lib/x86_64-linux-gnu/libreadline.so.8.1)
==288711==    by 0x489594C: ??? (in /usr/lib/x86_64-linux-gnu/libreadline.so.8.1)
==288711==    by 0x4895A93: rl_initialize (in /usr/lib/x86_64-linux-gnu/libreadline.so.8.1)
==288711==    by 0x4895CD4: readline (in /usr/lib/x86_64-linux-gnu/libreadline.so.8.1)
==288711==    by 0x10962C: first_control (main.c:36)
==288711==    by 0x1096F2: main (main.c:66)
==288711== 
==288711== 4,112 bytes in 1 blocks are still reachable in loss record 58 of 72
==288711==    at 0x4848899: malloc (in /usr/libexec/valgrind/vgpreload_memcheck-amd64-linux.so)
==288711==    by 0x48ADBAC: xmalloc (in /usr/lib/x86_64-linux-gnu/libreadline.so.8.1)
==288711==    by 0x488A251: rl_make_bare_keymap (in /usr/lib/x86_64-linux-gnu/libreadline.so.8.1)
==288711==    by 0x488AB6A: rl_generic_bind (in /usr/lib/x86_64-linux-gnu/libreadline.so.8.1)
==288711==    by 0x489575D: rl_bind_keyseq_if_unbound_in_map (in /usr/lib/x86_64-linux-gnu/libreadline.so.8.1)
==288711==    by 0x489594C: ??? (in /usr/lib/x86_64-linux-gnu/libreadline.so.8.1)
==288711==    by 0x4895AB8: rl_initialize (in /usr/lib/x86_64-linux-gnu/libreadline.so.8.1)
==288711==    by 0x4895CD4: readline (in /usr/lib/x86_64-linux-gnu/libreadline.so.8.1)
==288711==    by 0x10962C: first_control (main.c:36)
==288711==    by 0x1096F2: main (main.c:66)
==288711== 
==288711== 7,952 bytes in 1 blocks are still reachable in loss record 59 of 72
==288711==    at 0x484DA83: calloc (in /usr/libexec/valgrind/vgpreload_memcheck-amd64-linux.so)
==288711==    by 0x4AFFC97: ??? (in /usr/lib/x86_64-linux-gnu/libtinfo.so.6.3)
==288711==    by 0x4B013AF: _nc_find_type_entry (in /usr/lib/x86_64-linux-gnu/libtinfo.so.6.3)
==288711==    by 0x4B03E4C: tgetstr_sp (in /usr/lib/x86_64-linux-gnu/libtinfo.so.6.3)
==288711==    by 0x48A921A: _rl_init_terminal_io (in /usr/lib/x86_64-linux-gnu/libreadline.so.8.1)
==288711==    by 0x4895A0F: rl_initialize (in /usr/lib/x86_64-linux-gnu/libreadline.so.8.1)
==288711==    by 0x4895CD4: readline (in /usr/lib/x86_64-linux-gnu/libreadline.so.8.1)
==288711==    by 0x10962C: first_control (main.c:36)
==288711==    by 0x1096F2: main (main.c:66)
==288711== 
==288711== 8,224 bytes in 2 blocks are still reachable in loss record 60 of 72
==288711==    at 0x4848899: malloc (in /usr/libexec/valgrind/vgpreload_memcheck-amd64-linux.so)
==288711==    by 0x48ADBAC: xmalloc (in /usr/lib/x86_64-linux-gnu/libreadline.so.8.1)
==288711==    by 0x488A251: rl_make_bare_keymap (in /usr/lib/x86_64-linux-gnu/libreadline.so.8.1)
==288711==    by 0x488AB6A: rl_generic_bind (in /usr/lib/x86_64-linux-gnu/libreadline.so.8.1)
==288711==    by 0x489575D: rl_bind_keyseq_if_unbound_in_map (in /usr/lib/x86_64-linux-gnu/libreadline.so.8.1)
==288711==    by 0x48A8E47: ??? (in /usr/lib/x86_64-linux-gnu/libreadline.so.8.1)
==288711==    by 0x48A931F: _rl_init_terminal_io (in /usr/lib/x86_64-linux-gnu/libreadline.so.8.1)
==288711==    by 0x4895A0F: rl_initialize (in /usr/lib/x86_64-linux-gnu/libreadline.so.8.1)
==288711==    by 0x4895CD4: readline (in /usr/lib/x86_64-linux-gnu/libreadline.so.8.1)
==288711==    by 0x10962C: first_control (main.c:36)
==288711==    by 0x1096F2: main (main.c:66)
==288711== 
==288711== 8,224 bytes in 2 blocks are still reachable in loss record 61 of 72
==288711==    at 0x4848899: malloc (in /usr/libexec/valgrind/vgpreload_memcheck-amd64-linux.so)
==288711==    by 0x48ADBAC: xmalloc (in /usr/lib/x86_64-linux-gnu/libreadline.so.8.1)
==288711==    by 0x488A251: rl_make_bare_keymap (in /usr/lib/x86_64-linux-gnu/libreadline.so.8.1)
==288711==    by 0x488AB6A: rl_generic_bind (in /usr/lib/x86_64-linux-gnu/libreadline.so.8.1)
==288711==    by 0x489575D: rl_bind_keyseq_if_unbound_in_map (in /usr/lib/x86_64-linux-gnu/libreadline.so.8.1)
==288711==    by 0x48A8DD5: ??? (in /usr/lib/x86_64-linux-gnu/libreadline.so.8.1)
==288711==    by 0x48A932B: _rl_init_terminal_io (in /usr/lib/x86_64-linux-gnu/libreadline.so.8.1)
==288711==    by 0x4895A0F: rl_initialize (in /usr/lib/x86_64-linux-gnu/libreadline.so.8.1)
==288711==    by 0x4895CD4: readline (in /usr/lib/x86_64-linux-gnu/libreadline.so.8.1)
==288711==    by 0x10962C: first_control (main.c:36)
==288711==    by 0x1096F2: main (main.c:66)
==288711== 
==288711== 8,224 bytes in 2 blocks are still reachable in loss record 62 of 72
==288711==    at 0x4848899: malloc (in /usr/libexec/valgrind/vgpreload_memcheck-amd64-linux.so)
==288711==    by 0x48ADBAC: xmalloc (in /usr/lib/x86_64-linux-gnu/libreadline.so.8.1)
==288711==    by 0x488A251: rl_make_bare_keymap (in /usr/lib/x86_64-linux-gnu/libreadline.so.8.1)
==288711==    by 0x488AB6A: rl_generic_bind (in /usr/lib/x86_64-linux-gnu/libreadline.so.8.1)
==288711==    by 0x489575D: rl_bind_keyseq_if_unbound_in_map (in /usr/lib/x86_64-linux-gnu/libreadline.so.8.1)
==288711==    by 0x48A8E47: ??? (in /usr/lib/x86_64-linux-gnu/libreadline.so.8.1)
==288711==    by 0x48A932B: _rl_init_terminal_io (in /usr/lib/x86_64-linux-gnu/libreadline.so.8.1)
==288711==    by 0x4895A0F: rl_initialize (in /usr/lib/x86_64-linux-gnu/libreadline.so.8.1)
==288711==    by 0x4895CD4: readline (in /usr/lib/x86_64-linux-gnu/libreadline.so.8.1)
==288711==    by 0x10962C: first_control (main.c:36)
==288711==    by 0x1096F2: main (main.c:66)
==288711== 
==288711== 8,224 bytes in 2 blocks are still reachable in loss record 63 of 72
==288711==    at 0x4848899: malloc (in /usr/libexec/valgrind/vgpreload_memcheck-amd64-linux.so)
==288711==    by 0x48ADBAC: xmalloc (in /usr/lib/x86_64-linux-gnu/libreadline.so.8.1)
==288711==    by 0x488A251: rl_make_bare_keymap (in /usr/lib/x86_64-linux-gnu/libreadline.so.8.1)
==288711==    by 0x488AB6A: rl_generic_bind (in /usr/lib/x86_64-linux-gnu/libreadline.so.8.1)
==288711==    by 0x489575D: rl_bind_keyseq_if_unbound_in_map (in /usr/lib/x86_64-linux-gnu/libreadline.so.8.1)
==288711==    by 0x48A8DD5: ??? (in /usr/lib/x86_64-linux-gnu/libreadline.so.8.1)
==288711==    by 0x48A9337: _rl_init_terminal_io (in /usr/lib/x86_64-linux-gnu/libreadline.so.8.1)
==288711==    by 0x4895A0F: rl_initialize (in /usr/lib/x86_64-linux-gnu/libreadline.so.8.1)
==288711==    by 0x4895CD4: readline (in /usr/lib/x86_64-linux-gnu/libreadline.so.8.1)
==288711==    by 0x10962C: first_control (main.c:36)
==288711==    by 0x1096F2: main (main.c:66)
==288711== 
==288711== 8,224 bytes in 2 blocks are still reachable in loss record 64 of 72
==288711==    at 0x4848899: malloc (in /usr/libexec/valgrind/vgpreload_memcheck-amd64-linux.so)
==288711==    by 0x48ADBAC: xmalloc (in /usr/lib/x86_64-linux-gnu/libreadline.so.8.1)
==288711==    by 0x488A251: rl_make_bare_keymap (in /usr/lib/x86_64-linux-gnu/libreadline.so.8.1)
==288711==    by 0x488AB6A: rl_generic_bind (in /usr/lib/x86_64-linux-gnu/libreadline.so.8.1)
==288711==    by 0x489575D: rl_bind_keyseq_if_unbound_in_map (in /usr/lib/x86_64-linux-gnu/libreadline.so.8.1)
==288711==    by 0x48A8E47: ??? (in /usr/lib/x86_64-linux-gnu/libreadline.so.8.1)
==288711==    by 0x48A9337: _rl_init_terminal_io (in /usr/lib/x86_64-linux-gnu/libreadline.so.8.1)
==288711==    by 0x4895A0F: rl_initialize (in /usr/lib/x86_64-linux-gnu/libreadline.so.8.1)
==288711==    by 0x4895CD4: readline (in /usr/lib/x86_64-linux-gnu/libreadline.so.8.1)
==288711==    by 0x10962C: first_control (main.c:36)
==288711==    by 0x1096F2: main (main.c:66)
==288711== 
==288711== 8,224 bytes in 2 blocks are still reachable in loss record 65 of 72
==288711==    at 0x4848899: malloc (in /usr/libexec/valgrind/vgpreload_memcheck-amd64-linux.so)
==288711==    by 0x48ADBAC: xmalloc (in /usr/lib/x86_64-linux-gnu/libreadline.so.8.1)
==288711==    by 0x488A251: rl_make_bare_keymap (in /usr/lib/x86_64-linux-gnu/libreadline.so.8.1)
==288711==    by 0x488AB6A: rl_generic_bind (in /usr/lib/x86_64-linux-gnu/libreadline.so.8.1)
==288711==    by 0x489575D: rl_bind_keyseq_if_unbound_in_map (in /usr/lib/x86_64-linux-gnu/libreadline.so.8.1)
==288711==    by 0x489593D: ??? (in /usr/lib/x86_64-linux-gnu/libreadline.so.8.1)
==288711==    by 0x4895A84: rl_initialize (in /usr/lib/x86_64-linux-gnu/libreadline.so.8.1)
==288711==    by 0x4895CD4: readline (in /usr/lib/x86_64-linux-gnu/libreadline.so.8.1)
==288711==    by 0x10962C: first_control (main.c:36)
==288711==    by 0x1096F2: main (main.c:66)
==288711== 
==288711== 8,224 bytes in 2 blocks are still reachable in loss record 66 of 72
==288711==    at 0x4848899: malloc (in /usr/libexec/valgrind/vgpreload_memcheck-amd64-linux.so)
==288711==    by 0x48ADBAC: xmalloc (in /usr/lib/x86_64-linux-gnu/libreadline.so.8.1)
==288711==    by 0x488A251: rl_make_bare_keymap (in /usr/lib/x86_64-linux-gnu/libreadline.so.8.1)
==288711==    by 0x488AB6A: rl_generic_bind (in /usr/lib/x86_64-linux-gnu/libreadline.so.8.1)
==288711==    by 0x489575D: rl_bind_keyseq_if_unbound_in_map (in /usr/lib/x86_64-linux-gnu/libreadline.so.8.1)
==288711==    by 0x489593D: ??? (in /usr/lib/x86_64-linux-gnu/libreadline.so.8.1)
==288711==    by 0x4895A93: rl_initialize (in /usr/lib/x86_64-linux-gnu/libreadline.so.8.1)
==288711==    by 0x4895CD4: readline (in /usr/lib/x86_64-linux-gnu/libreadline.so.8.1)
==288711==    by 0x10962C: first_control (main.c:36)
==288711==    by 0x1096F2: main (main.c:66)
==288711== 
==288711== 8,224 bytes in 2 blocks are still reachable in loss record 67 of 72
==288711==    at 0x4848899: malloc (in /usr/libexec/valgrind/vgpreload_memcheck-amd64-linux.so)
==288711==    by 0x48ADBAC: xmalloc (in /usr/lib/x86_64-linux-gnu/libreadline.so.8.1)
==288711==    by 0x488A251: rl_make_bare_keymap (in /usr/lib/x86_64-linux-gnu/libreadline.so.8.1)
==288711==    by 0x488AB6A: rl_generic_bind (in /usr/lib/x86_64-linux-gnu/libreadline.so.8.1)
==288711==    by 0x489575D: rl_bind_keyseq_if_unbound_in_map (in /usr/lib/x86_64-linux-gnu/libreadline.so.8.1)
==288711==    by 0x489593D: ??? (in /usr/lib/x86_64-linux-gnu/libreadline.so.8.1)
==288711==    by 0x4895AB8: rl_initialize (in /usr/lib/x86_64-linux-gnu/libreadline.so.8.1)
==288711==    by 0x4895CD4: readline (in /usr/lib/x86_64-linux-gnu/libreadline.so.8.1)
==288711==    by 0x10962C: first_control (main.c:36)
==288711==    by 0x1096F2: main (main.c:66)
==288711== 
==288711== 8,224 bytes in 2 blocks are still reachable in loss record 68 of 72
==288711==    at 0x4848899: malloc (in /usr/libexec/valgrind/vgpreload_memcheck-amd64-linux.so)
==288711==    by 0x48ADBAC: xmalloc (in /usr/lib/x86_64-linux-gnu/libreadline.so.8.1)
==288711==    by 0x488A251: rl_make_bare_keymap (in /usr/lib/x86_64-linux-gnu/libreadline.so.8.1)
==288711==    by 0x488AB6A: rl_generic_bind (in /usr/lib/x86_64-linux-gnu/libreadline.so.8.1)
==288711==    by 0x489575D: rl_bind_keyseq_if_unbound_in_map (in /usr/lib/x86_64-linux-gnu/libreadline.so.8.1)
==288711==    by 0x4895AD2: rl_initialize (in /usr/lib/x86_64-linux-gnu/libreadline.so.8.1)
==288711==    by 0x4895CD4: readline (in /usr/lib/x86_64-linux-gnu/libreadline.so.8.1)
==288711==    by 0x10962C: first_control (main.c:36)
==288711==    by 0x1096F2: main (main.c:66)
==288711== 
==288711== 8,224 bytes in 2 blocks are still reachable in loss record 69 of 72
==288711==    at 0x4848899: malloc (in /usr/libexec/valgrind/vgpreload_memcheck-amd64-linux.so)
==288711==    by 0x48ADBAC: xmalloc (in /usr/lib/x86_64-linux-gnu/libreadline.so.8.1)
==288711==    by 0x488A251: rl_make_bare_keymap (in /usr/lib/x86_64-linux-gnu/libreadline.so.8.1)
==288711==    by 0x488AB6A: rl_generic_bind (in /usr/lib/x86_64-linux-gnu/libreadline.so.8.1)
==288711==    by 0x489575D: rl_bind_keyseq_if_unbound_in_map (in /usr/lib/x86_64-linux-gnu/libreadline.so.8.1)
==288711==    by 0x4895AE1: rl_initialize (in /usr/lib/x86_64-linux-gnu/libreadline.so.8.1)
==288711==    by 0x4895CD4: readline (in /usr/lib/x86_64-linux-gnu/libreadline.so.8.1)
==288711==    by 0x10962C: first_control (main.c:36)
==288711==    by 0x1096F2: main (main.c:66)
==288711== 
==288711== 12,336 bytes in 3 blocks are still reachable in loss record 70 of 72
==288711==    at 0x4848899: malloc (in /usr/libexec/valgrind/vgpreload_memcheck-amd64-linux.so)
==288711==    by 0x48ADBAC: xmalloc (in /usr/lib/x86_64-linux-gnu/libreadline.so.8.1)
==288711==    by 0x488A251: rl_make_bare_keymap (in /usr/lib/x86_64-linux-gnu/libreadline.so.8.1)
==288711==    by 0x488AB6A: rl_generic_bind (in /usr/lib/x86_64-linux-gnu/libreadline.so.8.1)
==288711==    by 0x489575D: rl_bind_keyseq_if_unbound_in_map (in /usr/lib/x86_64-linux-gnu/libreadline.so.8.1)
==288711==    by 0x4895914: ??? (in /usr/lib/x86_64-linux-gnu/libreadline.so.8.1)
==288711==    by 0x4895A93: rl_initialize (in /usr/lib/x86_64-linux-gnu/libreadline.so.8.1)
==288711==    by 0x4895CD4: readline (in /usr/lib/x86_64-linux-gnu/libreadline.so.8.1)
==288711==    by 0x10962C: first_control (main.c:36)
==288711==    by 0x1096F2: main (main.c:66)
==288711== 
==288711== 12,336 bytes in 3 blocks are still reachable in loss record 71 of 72
==288711==    at 0x4848899: malloc (in /usr/libexec/valgrind/vgpreload_memcheck-amd64-linux.so)
==288711==    by 0x48ADBAC: xmalloc (in /usr/lib/x86_64-linux-gnu/libreadline.so.8.1)
==288711==    by 0x488A251: rl_make_bare_keymap (in /usr/lib/x86_64-linux-gnu/libreadline.so.8.1)
==288711==    by 0x488AB6A: rl_generic_bind (in /usr/lib/x86_64-linux-gnu/libreadline.so.8.1)
==288711==    by 0x489575D: rl_bind_keyseq_if_unbound_in_map (in /usr/lib/x86_64-linux-gnu/libreadline.so.8.1)
==288711==    by 0x4895914: ??? (in /usr/lib/x86_64-linux-gnu/libreadline.so.8.1)
==288711==    by 0x4895AB8: rl_initialize (in /usr/lib/x86_64-linux-gnu/libreadline.so.8.1)
==288711==    by 0x4895CD4: readline (in /usr/lib/x86_64-linux-gnu/libreadline.so.8.1)
==288711==    by 0x10962C: first_control (main.c:36)
==288711==    by 0x1096F2: main (main.c:66)
==288711== 
==288711== 28,784 bytes in 7 blocks are still reachable in loss record 72 of 72
==288711==    at 0x4848899: malloc (in /usr/libexec/valgrind/vgpreload_memcheck-amd64-linux.so)
==288711==    by 0x48ADBAC: xmalloc (in /usr/lib/x86_64-linux-gnu/libreadline.so.8.1)
==288711==    by 0x488A251: rl_make_bare_keymap (in /usr/lib/x86_64-linux-gnu/libreadline.so.8.1)
==288711==    by 0x488AB6A: rl_generic_bind (in /usr/lib/x86_64-linux-gnu/libreadline.so.8.1)
==288711==    by 0x489B99E: rl_parse_and_bind (in /usr/lib/x86_64-linux-gnu/libreadline.so.8.1)
==288711==    by 0x489BB6C: ??? (in /usr/lib/x86_64-linux-gnu/libreadline.so.8.1)
==288711==    by 0x4895A38: rl_initialize (in /usr/lib/x86_64-linux-gnu/libreadline.so.8.1)
==288711==    by 0x4895CD4: readline (in /usr/lib/x86_64-linux-gnu/libreadline.so.8.1)
==288711==    by 0x10962C: first_control (main.c:36)
==288711==    by 0x1096F2: main (main.c:66)
==288711== 
==288711== LEAK SUMMARY:
==288711==    definitely lost: 0 bytes in 0 blocks
==288711==    indirectly lost: 0 bytes in 0 blocks
==288711==      possibly lost: 0 bytes in 0 blocks
==288711==    still reachable: 210,829 bytes in 283 blocks
==288711==         suppressed: 0 bytes in 0 blocks
==288711== 
==288711== For lists of detected and suppressed errors, rerun with: -s
==288711== ERROR SUMMARY: 0 errors from 0 contexts (suppressed: 0 from 0)
